<?xml version="1.0" encoding="UTF-8"?>
<testsuite xmlns:xsi="http://www.w3.org/2001/XMLSchema-instance" xsi:noNamespaceSchemaLocation="https://maven.apache.org/surefire/maven-surefire-plugin/xsd/surefire-test-report.xsd" version="3.0.2" name="com.ibm.orchestrate.OrchestrateApplicationTests" time="4.213" tests="1" errors="0" skipped="0" failures="0">
  <properties>
[...]
</properties>
  <testcase name="contextLoads" classname="com.ibm.orchestrate.OrchestrateApplicationTests" time="0.755">
    <system-out><![CDATA[14:10:22.498 [main] INFO org.springframework.test.context.support.AnnotationConfigContextLoaderUtils -- Could not detect default configuration classes for test class [com.ibm.orchestrate.OrchestrateApplicationTests]: OrchestrateApplicationTests does not declare any static, non-private, non-final, nested classes annotated with @Configuration.
14:10:22.644 [main] INFO org.springframework.boot.test.context.SpringBootTestContextBootstrapper -- Found @SpringBootConfiguration com.ibm.orchestrate.OrchestrateApplication for test class com.ibm.orchestrate.OrchestrateApplicationTests

  .   ____          _            __ _ _
 /\\ / ___'_ __ _ _(_)_ __  __ _ \ \ \ \
( ( )\___ | '_ | '_| | '_ \/ _` | \ \ \ \
 \\/  ___)| |_)| | | | | || (_| |  ) ) ) )
  '  |____| .__|_| |_|_| |_\__, | / / / /
 =========|_|==============|___/=/_/_/_/

 :: Spring Boot ::                (v3.5.8)

2025-11-23T14:10:23.278+05:30  INFO 3652 --- [orchestrate] [           main] c.i.o.OrchestrateApplicationTests        : Starting OrchestrateApplicationTests using Java 21.0.9 with PID 3652 (started by VIGNESHWAR SANTHANAM in D:\Personal\IBM\orchestrate\orchestrate)
2025-11-23T14:10:23.279+05:30  INFO 3652 --- [orchestrate] [           main] c.i.o.OrchestrateApplicationTests        : No active profile set, falling back to 1 default profile: "default"
2025-11-23T14:10:25.549+05:30  INFO 3652 --- [orchestrate] [           main] o.s.b.a.e.web.EndpointLinksResolver      : Exposing 1 endpoint beneath base path '/actuator'
2025-11-23T14:10:25.647+05:30  INFO 3652 --- [orchestrate] [           main] c.i.o.OrchestrateApplicationTests        : Started OrchestrateApplicationTests in 2.806 seconds (process running for 4.038)
]]></system-out>
    <system-err><![CDATA[Mockito is currently self-attaching to enable the inline-mock-maker. This will no longer work in future releases of the JDK. Please add Mockito as an agent to your build as described in Mockito's documentation: https://javadoc.io/doc/org.mockito/mockito-core/latest/org.mockito/org/mockito/Mockito.html#0.3
WARNING: A Java agent has been loaded dynamically (C:\Users\VIGNESHWAR SANTHANAM\.m2\repository\net\bytebuddy\byte-buddy-agent\1.17.8\byte-buddy-agent-1.17.8.jar)
WARNING: If a serviceability tool is in use, please run with -XX:+EnableDynamicAgentLoading to hide this warning
WARNING: If a serviceability tool is not in use, please run with -Djdk.instrument.traceUsage for more information
WARNING: Dynamic loading of agents will be disallowed by default in a future release
]]></system-err>
  </testcase>
</testsuite>